2026-02-19 00:51:32 [INFO]: ✅ PostgreSQL connected successfully
2026-02-19 00:51:32 [INFO]: 
                🚀 Server is running!
                📡 Port: 5000
                🔧 Environment: development
                📝 API Prefix: /api/v1
                📅 Started at: 2026-02-18T19:21:32.695Z
            
2026-02-19 00:51:40 [INFO]: Received shutdown signal, closing server...
2026-02-19 00:51:48 [INFO]: ✅ PostgreSQL connected successfully
2026-02-19 00:51:48 [INFO]: 
                🚀 Server is running!
                📡 Port: 5000
                🔧 Environment: development
                📝 API Prefix: /api/v1
                📅 Started at: 2026-02-18T19:21:48.500Z
            
2026-02-19 00:53:49 [INFO]: ✅ PostgreSQL connected successfully
2026-02-19 00:53:49 [INFO]: 
                🚀 Server is running!
                📡 Port: 5000
                🔧 Environment: development
                📝 API Prefix: /api/v1
                📅 Started at: 2026-02-18T19:23:49.874Z
            
2026-02-19 00:54:05 [INFO]: ✅ PostgreSQL connected successfully
2026-02-19 00:54:05 [INFO]: 
                🚀 Server is running!
                📡 Port: 5000
                🔧 Environment: development
                📝 API Prefix: /api/v1
                📅 Started at: 2026-02-18T19:24:05.424Z
            
2026-02-19 00:54:12 [INFO]: ✅ PostgreSQL connected successfully
2026-02-19 00:54:12 [INFO]: 
                🚀 Server is running!
                📡 Port: 5000
                🔧 Environment: development
                📝 API Prefix: /api/v1
                📅 Started at: 2026-02-18T19:24:12.625Z
            
2026-02-19 00:54:15 [INFO]: ✅ PostgreSQL connected successfully
2026-02-19 00:54:15 [INFO]: 
                🚀 Server is running!
                📡 Port: 5000
                🔧 Environment: development
                📝 API Prefix: /api/v1
                📅 Started at: 2026-02-18T19:24:15.629Z
            
2026-02-19 00:54:21 [INFO]: ✅ PostgreSQL connected successfully
2026-02-19 00:54:21 [INFO]: 
                🚀 Server is running!
                📡 Port: 5000
                🔧 Environment: development
                📝 API Prefix: /api/v1
                📅 Started at: 2026-02-18T19:24:21.638Z
            
2026-02-19 00:56:14 [ERROR]: ApiError is not defined
ReferenceError: ApiError is not defined
    at notFoundHandler (file:///C:/Users/Varun%20Bhandari/Downloads/Go_Backend/src/core/errors/globalErrorHandler.js:48:19)
    at Layer.handleRequest (C:\Users\Varun Bhandari\Downloads\Go_Backend\node_modules\router\lib\layer.js:152:17)
    at trimPrefix (C:\Users\Varun Bhandari\Downloads\Go_Backend\node_modules\router\index.js:342:13)
    at C:\Users\Varun Bhandari\Downloads\Go_Backend\node_modules\router\index.js:297:9
    at processParams (C:\Users\Varun Bhandari\Downloads\Go_Backend\node_modules\router\index.js:582:12)
    at next (C:\Users\Varun Bhandari\Downloads\Go_Backend\node_modules\router\index.js:291:5)
    at logger (C:\Users\Varun Bhandari\Downloads\Go_Backend\node_modules\morgan\index.js:144:5)
    at Layer.handleRequest (C:\Users\Varun Bhandari\Downloads\Go_Backend\node_modules\router\lib\layer.js:152:17)
    at trimPrefix (C:\Users\Varun Bhandari\Downloads\Go_Backend\node_modules\router\index.js:342:13)
    at C:\Users\Varun Bhandari\Downloads\Go_Backend\node_modules\router\index.js:297:9
2026-02-19 00:59:44 [INFO]: ✅ PostgreSQL connected successfully
2026-02-19 00:59:44 [INFO]: 
                🚀 Server is running!
                📡 Port: 5000
                🔧 Environment: development
                📝 API Prefix: /api/v1
                📅 Started at: 2026-02-18T19:29:44.022Z
            
2026-02-19 01:01:21 [ERROR]: Can't find POST /auth/signup on this server
Error: Can't find POST /auth/signup on this server
    at notFoundHandler (file:///C:/Users/Varun%20Bhandari/Downloads/Go_Backend/src/core/errors/globalErrorHandler.js:44:19)
    at Layer.handleRequest (C:\Users\Varun Bhandari\Downloads\Go_Backend\node_modules\router\lib\layer.js:152:17)
    at trimPrefix (C:\Users\Varun Bhandari\Downloads\Go_Backend\node_modules\router\index.js:342:13)
    at C:\Users\Varun Bhandari\Downloads\Go_Backend\node_modules\router\index.js:297:9
    at processParams (C:\Users\Varun Bhandari\Downloads\Go_Backend\node_modules\router\index.js:582:12)
    at next (C:\Users\Varun Bhandari\Downloads\Go_Backend\node_modules\router\index.js:291:5)
    at logger (C:\Users\Varun Bhandari\Downloads\Go_Backend\node_modules\morgan\index.js:144:5)
    at Layer.handleRequest (C:\Users\Varun Bhandari\Downloads\Go_Backend\node_modules\router\lib\layer.js:152:17)
    at trimPrefix (C:\Users\Varun Bhandari\Downloads\Go_Backend\node_modules\router\index.js:342:13)
    at C:\Users\Varun Bhandari\Downloads\Go_Backend\node_modules\router\index.js:297:9
2026-02-19 01:01:54 [ERROR]: Can't find POST /auth/signup on this server
Error: Can't find POST /auth/signup on this server
    at notFoundHandler (file:///C:/Users/Varun%20Bhandari/Downloads/Go_Backend/src/core/errors/globalErrorHandler.js:44:19)
    at Layer.handleRequest (C:\Users\Varun Bhandari\Downloads\Go_Backend\node_modules\router\lib\layer.js:152:17)
    at trimPrefix (C:\Users\Varun Bhandari\Downloads\Go_Backend\node_modules\router\index.js:342:13)
    at C:\Users\Varun Bhandari\Downloads\Go_Backend\node_modules\router\index.js:297:9
    at processParams (C:\Users\Varun Bhandari\Downloads\Go_Backend\node_modules\router\index.js:582:12)
    at next (C:\Users\Varun Bhandari\Downloads\Go_Backend\node_modules\router\index.js:291:5)
    at logger (C:\Users\Varun Bhandari\Downloads\Go_Backend\node_modules\morgan\index.js:144:5)
    at Layer.handleRequest (C:\Users\Varun Bhandari\Downloads\Go_Backend\node_modules\router\lib\layer.js:152:17)
    at trimPrefix (C:\Users\Varun Bhandari\Downloads\Go_Backend\node_modules\router\index.js:342:13)
    at C:\Users\Varun Bhandari\Downloads\Go_Backend\node_modules\router\index.js:297:9
2026-02-19 01:04:13 [INFO]: Received shutdown signal, closing server...
2026-02-19 01:04:20 [INFO]: ✅ PostgreSQL connected successfully
2026-02-19 01:04:20 [INFO]: 
                🚀 Server is running!
                📡 Port: 5000
                🔧 Environment: development
                📝 API Prefix: /api/v1
                📅 Started at: 2026-02-18T19:34:20.530Z
            
2026-02-19 01:04:26 [ERROR]: Can't find POST /auth/signup on this server
Error: Can't find POST /auth/signup on this server
    at notFoundHandler (file:///C:/Users/Varun%20Bhandari/Downloads/Go_Backend/src/core/errors/globalErrorHandler.js:44:19)
    at Layer.handleRequest (C:\Users\Varun Bhandari\Downloads\Go_Backend\node_modules\router\lib\layer.js:152:17)
    at trimPrefix (C:\Users\Varun Bhandari\Downloads\Go_Backend\node_modules\router\index.js:342:13)
    at C:\Users\Varun Bhandari\Downloads\Go_Backend\node_modules\router\index.js:297:9
    at processParams (C:\Users\Varun Bhandari\Downloads\Go_Backend\node_modules\router\index.js:582:12)
    at next (C:\Users\Varun Bhandari\Downloads\Go_Backend\node_modules\router\index.js:291:5)
    at logger (C:\Users\Varun Bhandari\Downloads\Go_Backend\node_modules\morgan\index.js:144:5)
    at Layer.handleRequest (C:\Users\Varun Bhandari\Downloads\Go_Backend\node_modules\router\lib\layer.js:152:17)
    at trimPrefix (C:\Users\Varun Bhandari\Downloads\Go_Backend\node_modules\router\index.js:342:13)
    at C:\Users\Varun Bhandari\Downloads\Go_Backend\node_modules\router\index.js:297:9
2026-02-19 01:05:15 [ERROR]: Can't find POST /api/auth/signup on this server
Error: Can't find POST /api/auth/signup on this server
    at notFoundHandler (file:///C:/Users/Varun%20Bhandari/Downloads/Go_Backend/src/core/errors/globalErrorHandler.js:44:19)
    at Layer.handleRequest (C:\Users\Varun Bhandari\Downloads\Go_Backend\node_modules\router\lib\layer.js:152:17)
    at trimPrefix (C:\Users\Varun Bhandari\Downloads\Go_Backend\node_modules\router\index.js:342:13)
    at C:\Users\Varun Bhandari\Downloads\Go_Backend\node_modules\router\index.js:297:9
    at processParams (C:\Users\Varun Bhandari\Downloads\Go_Backend\node_modules\router\index.js:582:12)
    at next (C:\Users\Varun Bhandari\Downloads\Go_Backend\node_modules\router\index.js:291:5)
    at logger (C:\Users\Varun Bhandari\Downloads\Go_Backend\node_modules\morgan\index.js:144:5)
    at Layer.handleRequest (C:\Users\Varun Bhandari\Downloads\Go_Backend\node_modules\router\lib\layer.js:152:17)
    at trimPrefix (C:\Users\Varun Bhandari\Downloads\Go_Backend\node_modules\router\index.js:342:13)
    at C:\Users\Varun Bhandari\Downloads\Go_Backend\node_modules\router\index.js:297:9
2026-02-19 01:05:24 [INFO]: Received shutdown signal, closing server...
2026-02-19 01:05:31 [INFO]: ✅ PostgreSQL connected successfully
2026-02-19 01:05:31 [INFO]: 
                🚀 Server is running!
                📡 Port: 5000
                🔧 Environment: development
                📝 API Prefix: /api/v1
                📅 Started at: 2026-02-18T19:35:31.165Z
            
2026-02-19 01:05:42 [ERROR]: Can't find POST /api/auth/signup on this server
Error: Can't find POST /api/auth/signup on this server
    at notFoundHandler (file:///C:/Users/Varun%20Bhandari/Downloads/Go_Backend/src/core/errors/globalErrorHandler.js:44:19)
    at Layer.handleRequest (C:\Users\Varun Bhandari\Downloads\Go_Backend\node_modules\router\lib\layer.js:152:17)
    at trimPrefix (C:\Users\Varun Bhandari\Downloads\Go_Backend\node_modules\router\index.js:342:13)
    at C:\Users\Varun Bhandari\Downloads\Go_Backend\node_modules\router\index.js:297:9
    at processParams (C:\Users\Varun Bhandari\Downloads\Go_Backend\node_modules\router\index.js:582:12)
    at next (C:\Users\Varun Bhandari\Downloads\Go_Backend\node_modules\router\index.js:291:5)
    at logger (C:\Users\Varun Bhandari\Downloads\Go_Backend\node_modules\morgan\index.js:144:5)
    at Layer.handleRequest (C:\Users\Varun Bhandari\Downloads\Go_Backend\node_modules\router\lib\layer.js:152:17)
    at trimPrefix (C:\Users\Varun Bhandari\Downloads\Go_Backend\node_modules\router\index.js:342:13)
    at C:\Users\Varun Bhandari\Downloads\Go_Backend\node_modules\router\index.js:297:9
2026-02-19 01:53:05 [ERROR]: Database query error:
2026-02-19 01:53:05 [ERROR]: Find user by phone repository error: Cannot read properties of null (reading 'query')
TypeError: Cannot read properties of null (reading 'query')
    at Database.query (file:///C:/Users/Varun%20Bhandari/Downloads/Go_Backend/src/infrastructure/database/postgres.js:38:44)
    at Module.findUserByPhone (file:///C:/Users/Varun%20Bhandari/Downloads/Go_Backend/src/modules/users/repositories/user.repository.js:6:33)
    at Module.signup (file:///C:/Users/Varun%20Bhandari/Downloads/Go_Backend/src/modules/auth/services/authService.js:12:45)
    at signup (file:///C:/Users/Varun%20Bhandari/Downloads/Go_Backend/src/modules/auth/controllers/authController.js:8:42)
    at Layer.handleRequest (C:\Users\Varun Bhandari\Downloads\Go_Backend\node_modules\router\lib\layer.js:152:17)
    at next (C:\Users\Varun Bhandari\Downloads\Go_Backend\node_modules\router\lib\route.js:157:13)
    at file:///C:/Users/Varun%20Bhandari/Downloads/Go_Backend/src/core/middleware/validation.middleware.js:12:20
    at process.processTicksAndRejections (node:internal/process/task_queues:95:5)
2026-02-19 01:53:05 [ERROR]: Signup service error: Cannot read properties of null (reading 'query')
TypeError: Cannot read properties of null (reading 'query')
    at Database.query (file:///C:/Users/Varun%20Bhandari/Downloads/Go_Backend/src/infrastructure/database/postgres.js:38:44)
    at Module.findUserByPhone (file:///C:/Users/Varun%20Bhandari/Downloads/Go_Backend/src/modules/users/repositories/user.repository.js:6:33)
    at Module.signup (file:///C:/Users/Varun%20Bhandari/Downloads/Go_Backend/src/modules/auth/services/authService.js:12:45)
    at signup (file:///C:/Users/Varun%20Bhandari/Downloads/Go_Backend/src/modules/auth/controllers/authController.js:8:42)
    at Layer.handleRequest (C:\Users\Varun Bhandari\Downloads\Go_Backend\node_modules\router\lib\layer.js:152:17)
    at next (C:\Users\Varun Bhandari\Downloads\Go_Backend\node_modules\router\lib\route.js:157:13)
    at file:///C:/Users/Varun%20Bhandari/Downloads/Go_Backend/src/core/middleware/validation.middleware.js:12:20
    at process.processTicksAndRejections (node:internal/process/task_queues:95:5)
2026-02-19 01:55:59 [INFO]: ✅ PostgreSQL connected successfully
2026-02-19 01:58:00 [ERROR]: Database query error:
2026-02-19 01:58:00 [ERROR]: Find user by phone repository error: column "profile_picture" does not exist
error: column "profile_picture" does not exist
    at C:\Users\Varun Bhandari\Downloads\Go_Backend\node_modules\pg-pool\index.js:45:11
    at process.processTicksAndRejections (node:internal/process/task_queues:95:5)
    at async Database.query (file:///C:/Users/Varun%20Bhandari/Downloads/Go_Backend/src/infrastructure/database/postgres.js:65:28)
    at async Module.findUserByPhone (file:///C:/Users/Varun%20Bhandari/Downloads/Go_Backend/src/modules/users/repositories/user.repository.js:6:24)
    at async Module.signup (file:///C:/Users/Varun%20Bhandari/Downloads/Go_Backend/src/modules/auth/services/authService.js:12:30)
    at async signup (file:///C:/Users/Varun%20Bhandari/Downloads/Go_Backend/src/modules/auth/controllers/authController.js:8:24)
2026-02-19 01:58:00 [ERROR]: Signup service error: column "profile_picture" does not exist
error: column "profile_picture" does not exist
    at C:\Users\Varun Bhandari\Downloads\Go_Backend\node_modules\pg-pool\index.js:45:11
    at process.processTicksAndRejections (node:internal/process/task_queues:95:5)
    at async Database.query (file:///C:/Users/Varun%20Bhandari/Downloads/Go_Backend/src/infrastructure/database/postgres.js:65:28)
    at async Module.findUserByPhone (file:///C:/Users/Varun%20Bhandari/Downloads/Go_Backend/src/modules/users/repositories/user.repository.js:6:24)
    at async Module.signup (file:///C:/Users/Varun%20Bhandari/Downloads/Go_Backend/src/modules/auth/services/authService.js:12:30)
    at async signup (file:///C:/Users/Varun%20Bhandari/Downloads/Go_Backend/src/modules/auth/controllers/authController.js:8:24)
2026-02-19 02:01:51 [INFO]: ✅ PostgreSQL connected successfully
2026-02-19 02:04:48 [INFO]: ✅ PostgreSQL connected successfully
2026-02-19 02:04:48 [ERROR]: Database query error:
2026-02-19 02:04:48 [ERROR]: Database query error:
2026-02-19 02:04:48 [ERROR]: Database query error:
2026-02-19 02:04:48 [ERROR]: Database query error:
2026-02-19 02:04:49 [ERROR]: Database query error:
2026-02-19 02:19:38 [INFO]: ✅ PostgreSQL connected successfully
2026-02-19 02:20:07 [ERROR]: Database query error:
2026-02-19 02:20:07 [ERROR]: Find user by phone repository error: column "profile_picture" does not exist
error: column "profile_picture" does not exist
    at C:\Users\Varun Bhandari\Downloads\Go_Backend\node_modules\pg-pool\index.js:45:11
    at process.processTicksAndRejections (node:internal/process/task_queues:95:5)
    at async Database.query (file:///C:/Users/Varun%20Bhandari/Downloads/Go_Backend/src/infrastructure/database/postgres.js:65:28)
    at async Module.findUserByPhone (file:///C:/Users/Varun%20Bhandari/Downloads/Go_Backend/src/modules/users/repositories/user.repository.js:6:24)
    at async Module.signup (file:///C:/Users/Varun%20Bhandari/Downloads/Go_Backend/src/modules/auth/services/authService.js:12:30)
    at async signup (file:///C:/Users/Varun%20Bhandari/Downloads/Go_Backend/src/modules/auth/controllers/authController.js:8:24)
2026-02-19 02:20:07 [ERROR]: Signup service error: column "profile_picture" does not exist
error: column "profile_picture" does not exist
    at C:\Users\Varun Bhandari\Downloads\Go_Backend\node_modules\pg-pool\index.js:45:11
    at process.processTicksAndRejections (node:internal/process/task_queues:95:5)
    at async Database.query (file:///C:/Users/Varun%20Bhandari/Downloads/Go_Backend/src/infrastructure/database/postgres.js:65:28)
    at async Module.findUserByPhone (file:///C:/Users/Varun%20Bhandari/Downloads/Go_Backend/src/modules/users/repositories/user.repository.js:6:24)
    at async Module.signup (file:///C:/Users/Varun%20Bhandari/Downloads/Go_Backend/src/modules/auth/services/authService.js:12:30)
    at async signup (file:///C:/Users/Varun%20Bhandari/Downloads/Go_Backend/src/modules/auth/controllers/authController.js:8:24)
2026-02-19 02:23:09 [INFO]: ✅ PostgreSQL connected successfully
2026-02-19 02:23:18 [ERROR]: Database query error:
2026-02-19 02:23:18 [ERROR]: Find user by phone repository error: column "last_login" does not exist
error: column "last_login" does not exist
    at C:\Users\Varun Bhandari\Downloads\Go_Backend\node_modules\pg-pool\index.js:45:11
    at process.processTicksAndRejections (node:internal/process/task_queues:95:5)
    at async Database.query (file:///C:/Users/Varun%20Bhandari/Downloads/Go_Backend/src/infrastructure/database/postgres.js:65:28)
    at async Module.findUserByPhone (file:///C:/Users/Varun%20Bhandari/Downloads/Go_Backend/src/modules/users/repositories/user.repository.js:6:24)
    at async Module.signup (file:///C:/Users/Varun%20Bhandari/Downloads/Go_Backend/src/modules/auth/services/authService.js:12:30)
    at async signup (file:///C:/Users/Varun%20Bhandari/Downloads/Go_Backend/src/modules/auth/controllers/authController.js:8:24)
2026-02-19 02:23:18 [ERROR]: Signup service error: column "last_login" does not exist
error: column "last_login" does not exist
    at C:\Users\Varun Bhandari\Downloads\Go_Backend\node_modules\pg-pool\index.js:45:11
    at process.processTicksAndRejections (node:internal/process/task_queues:95:5)
    at async Database.query (file:///C:/Users/Varun%20Bhandari/Downloads/Go_Backend/src/infrastructure/database/postgres.js:65:28)
    at async Module.findUserByPhone (file:///C:/Users/Varun%20Bhandari/Downloads/Go_Backend/src/modules/users/repositories/user.repository.js:6:24)
    at async Module.signup (file:///C:/Users/Varun%20Bhandari/Downloads/Go_Backend/src/modules/auth/services/authService.js:12:30)
    at async signup (file:///C:/Users/Varun%20Bhandari/Downloads/Go_Backend/src/modules/auth/controllers/authController.js:8:24)
2026-02-19 02:26:59 [INFO]: ✅ PostgreSQL connected successfully
2026-02-19 02:27:26 [INFO]: [SMS to 9876543210]: Your OTP for Ride Sharing app is: 351570. Valid for 5 minutes. Do not share this OTP with anyone.
2026-02-19 02:27:26 [INFO]: OTP sent successfully to 9876543210 for purpose: signup
2026-02-19 02:28:31 [ERROR]: Signin service error: User not found. Please sign up first. not found
NotFoundError: User not found. Please sign up first. not found
    at Module.signin (file:///C:/Users/Varun%20Bhandari/Downloads/Go_Backend/src/modules/auth/services/authService.js:106:19)
    at process.processTicksAndRejections (node:internal/process/task_queues:95:5)
    at async signin (file:///C:/Users/Varun%20Bhandari/Downloads/Go_Backend/src/modules/auth/controllers/authController.js:49:24)
2026-02-19 02:29:53 [INFO]: OTP verified successfully for 9876543210
2026-02-19 02:29:53 [INFO]: User signed up successfully:
2026-02-19 02:30:43 [INFO]: [SMS to 9876543210]: Your OTP for Ride Sharing app is: 556452. Valid for 5 minutes. Do not share this OTP with anyone.
2026-02-19 02:30:43 [INFO]: OTP sent successfully to 9876543210 for purpose: signin
2026-02-19 02:38:07 [INFO]: [SMS to 6205356010]: Your OTP for Ride Sharing app is: 597373. Valid for 5 minutes. Do not share this OTP with anyone.
2026-02-19 02:38:07 [INFO]: OTP sent successfully to 6205356010 for purpose: signup
2026-02-19 02:39:16 [INFO]: OTP verified successfully for 6205356010
2026-02-19 02:39:16 [INFO]: User signed up successfully:
2026-02-19 02:39:47 [ERROR]: Authentication failed: No token provided
AuthError: No token provided
    at authenticate (file:///C:/Users/Varun%20Bhandari/Downloads/Go_Backend/src/core/middleware/auth.middleware.js:11:19)
    at Layer.handleRequest (C:\Users\Varun Bhandari\Downloads\Go_Backend\node_modules\router\lib\layer.js:152:17)
    at trimPrefix (C:\Users\Varun Bhandari\Downloads\Go_Backend\node_modules\router\index.js:342:13)
    at C:\Users\Varun Bhandari\Downloads\Go_Backend\node_modules\router\index.js:297:9
    at processParams (C:\Users\Varun Bhandari\Downloads\Go_Backend\node_modules\router\index.js:582:12)
    at next (C:\Users\Varun Bhandari\Downloads\Go_Backend\node_modules\router\index.js:291:5)
    at Function.handle (C:\Users\Varun Bhandari\Downloads\Go_Backend\node_modules\router\index.js:186:3)
    at router (C:\Users\Varun Bhandari\Downloads\Go_Backend\node_modules\router\index.js:60:12)
    at Layer.handleRequest (C:\Users\Varun Bhandari\Downloads\Go_Backend\node_modules\router\lib\layer.js:152:17)
    at trimPrefix (C:\Users\Varun Bhandari\Downloads\Go_Backend\node_modules\router\index.js:342:13)
2026-02-19 02:40:55 [ERROR]: Signup service error: User already exists with this phone number
ConflictError: User already exists with this phone number
    at Module.signup (file:///C:/Users/Varun%20Bhandari/Downloads/Go_Backend/src/modules/auth/services/authService.js:14:19)
    at process.processTicksAndRejections (node:internal/process/task_queues:95:5)
    at async signup (file:///C:/Users/Varun%20Bhandari/Downloads/Go_Backend/src/modules/auth/controllers/authController.js:8:24)
2026-02-19 02:41:07 [ERROR]: Signup service error: User already exists with this phone number
ConflictError: User already exists with this phone number
    at Module.signup (file:///C:/Users/Varun%20Bhandari/Downloads/Go_Backend/src/modules/auth/services/authService.js:14:19)
    at process.processTicksAndRejections (node:internal/process/task_queues:95:5)
    at async signup (file:///C:/Users/Varun%20Bhandari/Downloads/Go_Backend/src/modules/auth/controllers/authController.js:8:24)
2026-02-19 02:41:16 [INFO]: ✅ PostgreSQL connected successfully
2026-02-19 02:41:31 [ERROR]: Signup service error: User already exists with this phone number
ConflictError: User already exists with this phone number
    at Module.signup (file:///C:/Users/Varun%20Bhandari/Downloads/Go_Backend/src/modules/auth/services/authService.js:14:19)
    at process.processTicksAndRejections (node:internal/process/task_queues:95:5)
    at async signup (file:///C:/Users/Varun%20Bhandari/Downloads/Go_Backend/src/modules/auth/controllers/authController.js:8:24)
2026-02-19 02:42:08 [INFO]: [SMS to 9876543211]: Your OTP for Ride Sharing app is: 697525. Valid for 5 minutes. Do not share this OTP with anyone.
2026-02-19 02:42:08 [INFO]: OTP sent successfully to 9876543211 for purpose: signup
2026-02-19 02:43:31 [INFO]: OTP verified successfully for 9876543211
2026-02-19 02:43:31 [INFO]: User signed up successfully:
2026-02-19 02:44:34 [ERROR]: Authentication failed: No token provided
AuthError: No token provided
    at authenticate (file:///C:/Users/Varun%20Bhandari/Downloads/Go_Backend/src/core/middleware/auth.middleware.js:11:19)
    at Layer.handleRequest (C:\Users\Varun Bhandari\Downloads\Go_Backend\node_modules\router\lib\layer.js:152:17)
    at trimPrefix (C:\Users\Varun Bhandari\Downloads\Go_Backend\node_modules\router\index.js:342:13)
    at C:\Users\Varun Bhandari\Downloads\Go_Backend\node_modules\router\index.js:297:9
    at processParams (C:\Users\Varun Bhandari\Downloads\Go_Backend\node_modules\router\index.js:582:12)
    at next (C:\Users\Varun Bhandari\Downloads\Go_Backend\node_modules\router\index.js:291:5)
    at Function.handle (C:\Users\Varun Bhandari\Downloads\Go_Backend\node_modules\router\index.js:186:3)
    at router (C:\Users\Varun Bhandari\Downloads\Go_Backend\node_modules\router\index.js:60:12)
    at Layer.handleRequest (C:\Users\Varun Bhandari\Downloads\Go_Backend\node_modules\router\lib\layer.js:152:17)
    at trimPrefix (C:\Users\Varun Bhandari\Downloads\Go_Backend\node_modules\router\index.js:342:13)
2026-02-19 02:47:04 [ERROR]: Authentication failed: Invalid token
AuthError: Invalid token
    at verifyToken (file:///C:/Users/Varun%20Bhandari/Downloads/Go_Backend/src/modules/auth/services/tokenService.js:46:19)
    at authenticate (file:///C:/Users/Varun%20Bhandari/Downloads/Go_Backend/src/core/middleware/auth.middleware.js:15:25)
    at Layer.handleRequest (C:\Users\Varun Bhandari\Downloads\Go_Backend\node_modules\router\lib\layer.js:152:17)
    at trimPrefix (C:\Users\Varun Bhandari\Downloads\Go_Backend\node_modules\router\index.js:342:13)
    at C:\Users\Varun Bhandari\Downloads\Go_Backend\node_modules\router\index.js:297:9
    at processParams (C:\Users\Varun Bhandari\Downloads\Go_Backend\node_modules\router\index.js:582:12)
    at next (C:\Users\Varun Bhandari\Downloads\Go_Backend\node_modules\router\index.js:291:5)
    at Function.handle (C:\Users\Varun Bhandari\Downloads\Go_Backend\node_modules\router\index.js:186:3)
    at router (C:\Users\Varun Bhandari\Downloads\Go_Backend\node_modules\router\index.js:60:12)
    at Layer.handleRequest (C:\Users\Varun Bhandari\Downloads\Go_Backend\node_modules\router\lib\layer.js:152:17)
2026-02-19 02:47:42 [ERROR]: Authentication failed: No token provided
AuthError: No token provided
    at authenticate (file:///C:/Users/Varun%20Bhandari/Downloads/Go_Backend/src/core/middleware/auth.middleware.js:11:19)
    at Layer.handleRequest (C:\Users\Varun Bhandari\Downloads\Go_Backend\node_modules\router\lib\layer.js:152:17)
    at trimPrefix (C:\Users\Varun Bhandari\Downloads\Go_Backend\node_modules\router\index.js:342:13)
    at C:\Users\Varun Bhandari\Downloads\Go_Backend\node_modules\router\index.js:297:9
    at processParams (C:\Users\Varun Bhandari\Downloads\Go_Backend\node_modules\router\index.js:582:12)
    at next (C:\Users\Varun Bhandari\Downloads\Go_Backend\node_modules\router\index.js:291:5)
    at Function.handle (C:\Users\Varun Bhandari\Downloads\Go_Backend\node_modules\router\index.js:186:3)
    at router (C:\Users\Varun Bhandari\Downloads\Go_Backend\node_modules\router\index.js:60:12)
    at Layer.handleRequest (C:\Users\Varun Bhandari\Downloads\Go_Backend\node_modules\router\lib\layer.js:152:17)
    at trimPrefix (C:\Users\Varun Bhandari\Downloads\Go_Backend\node_modules\router\index.js:342:13)
2026-02-19 02:47:49 [ERROR]: Authentication failed: No token provided
AuthError: No token provided
    at authenticate (file:///C:/Users/Varun%20Bhandari/Downloads/Go_Backend/src/core/middleware/auth.middleware.js:11:19)
    at Layer.handleRequest (C:\Users\Varun Bhandari\Downloads\Go_Backend\node_modules\router\lib\layer.js:152:17)
    at trimPrefix (C:\Users\Varun Bhandari\Downloads\Go_Backend\node_modules\router\index.js:342:13)
    at C:\Users\Varun Bhandari\Downloads\Go_Backend\node_modules\router\index.js:297:9
    at processParams (C:\Users\Varun Bhandari\Downloads\Go_Backend\node_modules\router\index.js:582:12)
    at next (C:\Users\Varun Bhandari\Downloads\Go_Backend\node_modules\router\index.js:291:5)
    at Function.handle (C:\Users\Varun Bhandari\Downloads\Go_Backend\node_modules\router\index.js:186:3)
    at router (C:\Users\Varun Bhandari\Downloads\Go_Backend\node_modules\router\index.js:60:12)
    at Layer.handleRequest (C:\Users\Varun Bhandari\Downloads\Go_Backend\node_modules\router\lib\layer.js:152:17)
    at trimPrefix (C:\Users\Varun Bhandari\Downloads\Go_Backend\node_modules\router\index.js:342:13)
2026-02-19 02:49:44 [INFO]: ✅ PostgreSQL connected successfully
2026-02-19 02:49:51 [ERROR]: Find wallet by user ID repository error: Cannot read properties of null (reading 'query')
TypeError: Cannot read properties of null (reading 'query')
    at Module.findWalletByUserId (file:///C:/Users/Varun%20Bhandari/Downloads/Go_Backend/src/modules/wallet/repositories/wallet.repository.js:6:35)
    at Module.getUserWallet (file:///C:/Users/Varun%20Bhandari/Downloads/Go_Backend/src/modules/users/services/userService.js:140:39)
    at getWalletBalance (file:///C:/Users/Varun%20Bhandari/Downloads/Go_Backend/src/modules/users/controllers/userController.js:73:42)
    at Layer.handleRequest (C:\Users\Varun Bhandari\Downloads\Go_Backend\node_modules\router\lib\layer.js:152:17)
    at next (C:\Users\Varun Bhandari\Downloads\Go_Backend\node_modules\router\lib\route.js:157:13)
    at Route.dispatch (C:\Users\Varun Bhandari\Downloads\Go_Backend\node_modules\router\lib\route.js:117:3)
    at handle (C:\Users\Varun Bhandari\Downloads\Go_Backend\node_modules\router\index.js:435:11)
    at Layer.handleRequest (C:\Users\Varun Bhandari\Downloads\Go_Backend\node_modules\router\lib\layer.js:152:17)
    at C:\Users\Varun Bhandari\Downloads\Go_Backend\node_modules\router\index.js:295:15
    at processParams (C:\Users\Varun Bhandari\Downloads\Go_Backend\node_modules\router\index.js:582:12)
2026-02-19 02:49:51 [ERROR]: Get user wallet service error: Cannot read properties of null (reading 'query')
TypeError: Cannot read properties of null (reading 'query')
    at Module.findWalletByUserId (file:///C:/Users/Varun%20Bhandari/Downloads/Go_Backend/src/modules/wallet/repositories/wallet.repository.js:6:35)
    at Module.getUserWallet (file:///C:/Users/Varun%20Bhandari/Downloads/Go_Backend/src/modules/users/services/userService.js:140:39)
    at getWalletBalance (file:///C:/Users/Varun%20Bhandari/Downloads/Go_Backend/src/modules/users/controllers/userController.js:73:42)
    at Layer.handleRequest (C:\Users\Varun Bhandari\Downloads\Go_Backend\node_modules\router\lib\layer.js:152:17)
    at next (C:\Users\Varun Bhandari\Downloads\Go_Backend\node_modules\router\lib\route.js:157:13)
    at Route.dispatch (C:\Users\Varun Bhandari\Downloads\Go_Backend\node_modules\router\lib\route.js:117:3)
    at handle (C:\Users\Varun Bhandari\Downloads\Go_Backend\node_modules\router\index.js:435:11)
    at Layer.handleRequest (C:\Users\Varun Bhandari\Downloads\Go_Backend\node_modules\router\lib\layer.js:152:17)
    at C:\Users\Varun Bhandari\Downloads\Go_Backend\node_modules\router\index.js:295:15
    at processParams (C:\Users\Varun Bhandari\Downloads\Go_Backend\node_modules\router\index.js:582:12)
2026-02-19 02:51:43 [INFO]: ✅ PostgreSQL connected successfully
2026-02-19 02:51:45 [INFO]: ✅ PostgreSQL connected successfully
2026-02-19 02:52:06 [INFO]: ✅ PostgreSQL connected successfully
2026-02-19 02:52:08 [INFO]: ✅ PostgreSQL connected successfully
2026-02-19 02:52:26 [INFO]: ✅ PostgreSQL connected successfully
2026-02-19 02:52:38 [INFO]: ✅ PostgreSQL connected successfully
2026-02-19 02:52:55 [INFO]: ✅ PostgreSQL connected successfully
2026-02-19 02:53:03 [INFO]: ✅ PostgreSQL connected successfully
2026-02-20 16:11:02 [INFO]: ✅ PostgreSQL connected successfully
2026-02-20 16:20:40 [INFO]: ✅ PostgreSQL connected successfully
2026-02-20 16:20:45 [INFO]: ✅ PostgreSQL connected successfully
2026-02-20 16:21:03 [INFO]: ✅ PostgreSQL connected successfully
2026-02-20 16:21:09 [INFO]: ✅ PostgreSQL connected successfully
2026-02-20 16:21:43 [INFO]: ✅ PostgreSQL connected successfully
2026-02-20 16:21:50 [INFO]: ✅ PostgreSQL connected successfully
2026-02-20 16:22:21 [INFO]: ✅ PostgreSQL connected successfully
2026-02-20 16:22:26 [INFO]: ✅ PostgreSQL connected successfully
2026-02-20 16:23:08 [INFO]: ✅ PostgreSQL connected successfully
2026-02-20 16:23:13 [INFO]: ✅ PostgreSQL connected successfully
2026-02-20 16:23:40 [INFO]: ✅ PostgreSQL connected successfully
2026-02-20 16:23:46 [INFO]: ✅ PostgreSQL connected successfully
2026-02-25 23:36:36 [INFO]: ✅ PostgreSQL connected successfully
2026-02-25 23:41:53 [INFO]: ✅ PostgreSQL connected successfully
2026-02-25 23:47:49 [INFO]: [SMS to 9876543212]: Your OTP for Ride Sharing app is: 667082. Valid for 5 minutes. Do not share this OTP with anyone.
2026-02-25 23:47:49 [INFO]: OTP sent successfully to 9876543212 for purpose: signup
2026-02-25 23:48:08 [INFO]: [SMS to 9876543212]: Your OTP for Ride Sharing app is: 457083. Valid for 5 minutes. Do not share this OTP with anyone.
2026-02-25 23:48:08 [INFO]: OTP sent successfully to 9876543212 for purpose: signup
2026-02-25 23:48:48 [ERROR]: Signin service error: User not found. Please sign up first. not found
NotFoundError: User not found. Please sign up first. not found
    at Module.signin (file:///C:/Users/Varun%20Bhandari/Downloads/Go_Backend/src/modules/auth/services/authService.js:106:19)
    at process.processTicksAndRejections (node:internal/process/task_queues:95:5)
    at async signin (file:///C:/Users/Varun%20Bhandari/Downloads/Go_Backend/src/modules/auth/controllers/authController.js:49:24)
2026-02-25 23:51:49 [ERROR]: Signup service error: User already exists with this phone number
ConflictError: User already exists with this phone number
    at Module.signup (file:///C:/Users/Varun%20Bhandari/Downloads/Go_Backend/src/modules/auth/services/authService.js:14:19)
    at process.processTicksAndRejections (node:internal/process/task_queues:95:5)
    at async signup (file:///C:/Users/Varun%20Bhandari/Downloads/Go_Backend/src/modules/auth/controllers/authController.js:8:24)
2026-02-25 23:52:03 [INFO]: ✅ PostgreSQL connected successfully
2026-02-25 23:52:18 [ERROR]: Signup service error: User already exists with this phone number
ConflictError: User already exists with this phone number
    at Module.signup (file:///C:/Users/Varun%20Bhandari/Downloads/Go_Backend/src/modules/auth/services/authService.js:14:19)
    at process.processTicksAndRejections (node:internal/process/task_queues:95:5)
    at async signup (file:///C:/Users/Varun%20Bhandari/Downloads/Go_Backend/src/modules/auth/controllers/authController.js:8:24)
2026-02-25 23:52:34 [INFO]: [SMS to 9876543213]: Your OTP for Ride Sharing app is: 830985. Valid for 5 minutes. Do not share this OTP with anyone.
2026-02-25 23:52:34 [INFO]: OTP sent successfully to 9876543213 for purpose: signup
2026-02-25 23:56:38 [INFO]: [SMS to 9876543213]: Your OTP for Ride Sharing app is: 734711. Valid for 5 minutes. Do not share this OTP with anyone.
2026-02-25 23:56:38 [INFO]: OTP sent successfully to 9876543213 for purpose: signup
2026-02-25 23:58:24 [INFO]: OTP verified successfully for 9876543213
2026-02-25 23:58:24 [INFO]: User signed up successfully:
2026-02-26 00:00:33 [INFO]: [SMS to 9876543213]: Your OTP for Ride Sharing app is: 281879. Valid for 5 minutes. Do not share this OTP with anyone.
2026-02-26 00:00:33 [INFO]: OTP sent successfully to 9876543213 for purpose: signin
2026-02-26 00:02:28 [INFO]: OTP verified successfully for 9876543213
2026-02-26 00:02:28 [INFO]: User signed in successfully:
2026-02-26 00:07:36 [ERROR]: Authentication failed: Token expired
AuthError: Token expired
    at verifyToken (file:///C:/Users/Varun%20Bhandari/Downloads/Go_Backend/src/modules/auth/services/tokenService.js:43:19)
    at authenticate (file:///C:/Users/Varun%20Bhandari/Downloads/Go_Backend/src/core/middleware/auth.middleware.js:15:25)
    at Layer.handleRequest (C:\Users\Varun Bhandari\Downloads\Go_Backend\node_modules\router\lib\layer.js:152:17)
    at next (C:\Users\Varun Bhandari\Downloads\Go_Backend\node_modules\router\lib\route.js:157:13)
    at Route.dispatch (C:\Users\Varun Bhandari\Downloads\Go_Backend\node_modules\router\lib\route.js:117:3)
    at handle (C:\Users\Varun Bhandari\Downloads\Go_Backend\node_modules\router\index.js:435:11)
    at Layer.handleRequest (C:\Users\Varun Bhandari\Downloads\Go_Backend\node_modules\router\lib\layer.js:152:17)
    at C:\Users\Varun Bhandari\Downloads\Go_Backend\node_modules\router\index.js:295:15
    at processParams (C:\Users\Varun Bhandari\Downloads\Go_Backend\node_modules\router\index.js:582:12)
    at next (C:\Users\Varun Bhandari\Downloads\Go_Backend\node_modules\router\index.js:291:5)
2026-02-26 00:08:09 [INFO]: ✅ PostgreSQL connected successfully
2026-02-26 00:08:22 [ERROR]: Refresh token service error: Invalid refresh token
AuthError: Invalid refresh token
    at Module.refreshToken (file:///C:/Users/Varun%20Bhandari/Downloads/Go_Backend/src/modules/auth/services/authService.js:196:19)
    at process.processTicksAndRejections (node:internal/process/task_queues:95:5)
    at async refreshToken (file:///C:/Users/Varun%20Bhandari/Downloads/Go_Backend/src/modules/auth/controllers/authController.js:103:24)
2026-02-26 00:11:29 [INFO]: ✅ PostgreSQL connected successfully
2026-02-26 00:12:08 [INFO]: [SMS to 9876543213]: Your OTP for Ride Sharing app is: 718905. Valid for 5 minutes. Do not share this OTP with anyone.
2026-02-26 00:12:08 [INFO]: OTP sent successfully to 9876543213 for purpose: signin
2026-02-26 00:14:44 [INFO]: ✅ PostgreSQL connected successfully
2026-02-26 00:15:54 [INFO]: [SMS to 9876543213]: Your OTP for Ride Sharing app is: 487814. Valid for 5 minutes. Do not share this OTP with anyone.
2026-02-26 00:15:54 [INFO]: OTP sent successfully to 9876543213 for purpose: signin
2026-02-26 00:16:37 [INFO]: OTP verified successfully for 9876543213
2026-02-26 00:16:37 [INFO]: User signed in successfully:
2026-02-26 00:18:08 [ERROR]: Authentication failed: Token expired
AuthError: Token expired
    at verifyToken (file:///C:/Users/Varun%20Bhandari/Downloads/Go_Backend/src/modules/auth/services/tokenService.js:43:19)
    at authenticate (file:///C:/Users/Varun%20Bhandari/Downloads/Go_Backend/src/core/middleware/auth.middleware.js:15:25)
    at Layer.handleRequest (C:\Users\Varun Bhandari\Downloads\Go_Backend\node_modules\router\lib\layer.js:152:17)
    at next (C:\Users\Varun Bhandari\Downloads\Go_Backend\node_modules\router\lib\route.js:157:13)
    at Route.dispatch (C:\Users\Varun Bhandari\Downloads\Go_Backend\node_modules\router\lib\route.js:117:3)
    at handle (C:\Users\Varun Bhandari\Downloads\Go_Backend\node_modules\router\index.js:435:11)
    at Layer.handleRequest (C:\Users\Varun Bhandari\Downloads\Go_Backend\node_modules\router\lib\layer.js:152:17)
    at C:\Users\Varun Bhandari\Downloads\Go_Backend\node_modules\router\index.js:295:15
    at processParams (C:\Users\Varun Bhandari\Downloads\Go_Backend\node_modules\router\index.js:582:12)
    at next (C:\Users\Varun Bhandari\Downloads\Go_Backend\node_modules\router\index.js:291:5)
2026-02-26 00:18:57 [INFO]: [SMS to 9876543213]: Your OTP for Ride Sharing app is: 987054. Valid for 5 minutes. Do not share this OTP with anyone.
2026-02-26 00:18:57 [INFO]: OTP sent successfully to 9876543213 for purpose: signin
2026-02-26 00:19:55 [INFO]: OTP verified successfully for 9876543213
2026-02-26 00:19:56 [INFO]: User signed in successfully:
2026-02-26 00:21:21 [ERROR]: Authentication failed: Token expired
AuthError: Token expired
    at verifyToken (file:///C:/Users/Varun%20Bhandari/Downloads/Go_Backend/src/modules/auth/services/tokenService.js:43:19)
    at authenticate (file:///C:/Users/Varun%20Bhandari/Downloads/Go_Backend/src/core/middleware/auth.middleware.js:15:25)
    at Layer.handleRequest (C:\Users\Varun Bhandari\Downloads\Go_Backend\node_modules\router\lib\layer.js:152:17)
    at next (C:\Users\Varun Bhandari\Downloads\Go_Backend\node_modules\router\lib\route.js:157:13)
    at Route.dispatch (C:\Users\Varun Bhandari\Downloads\Go_Backend\node_modules\router\lib\route.js:117:3)
    at handle (C:\Users\Varun Bhandari\Downloads\Go_Backend\node_modules\router\index.js:435:11)
    at Layer.handleRequest (C:\Users\Varun Bhandari\Downloads\Go_Backend\node_modules\router\lib\layer.js:152:17)
    at C:\Users\Varun Bhandari\Downloads\Go_Backend\node_modules\router\index.js:295:15
    at processParams (C:\Users\Varun Bhandari\Downloads\Go_Backend\node_modules\router\index.js:582:12)
    at next (C:\Users\Varun Bhandari\Downloads\Go_Backend\node_modules\router\index.js:291:5)
2026-02-26 00:26:06 [INFO]: ✅ PostgreSQL connected successfully
2026-02-26 20:41:07 [INFO]: ✅ PostgreSQL connected successfully
2026-02-26 20:44:39 [ERROR]: Authentication failed: Token expired
AuthError: Token expired
    at verifyToken (file:///C:/Users/Varun%20Bhandari/Downloads/Go_Backend/src/modules/auth/services/tokenService.js:43:19)
    at authenticate (file:///C:/Users/Varun%20Bhandari/Downloads/Go_Backend/src/core/middleware/auth.middleware.js:15:25)
    at Layer.handleRequest (C:\Users\Varun Bhandari\Downloads\Go_Backend\node_modules\router\lib\layer.js:152:17)
    at trimPrefix (C:\Users\Varun Bhandari\Downloads\Go_Backend\node_modules\router\index.js:342:13)
    at C:\Users\Varun Bhandari\Downloads\Go_Backend\node_modules\router\index.js:297:9
    at processParams (C:\Users\Varun Bhandari\Downloads\Go_Backend\node_modules\router\index.js:582:12)
    at next (C:\Users\Varun Bhandari\Downloads\Go_Backend\node_modules\router\index.js:291:5)
    at Function.handle (C:\Users\Varun Bhandari\Downloads\Go_Backend\node_modules\router\index.js:186:3)
    at router (C:\Users\Varun Bhandari\Downloads\Go_Backend\node_modules\router\index.js:60:12)
    at Layer.handleRequest (C:\Users\Varun Bhandari\Downloads\Go_Backend\node_modules\router\lib\layer.js:152:17)
2026-02-26 20:44:57 [INFO]: ✅ PostgreSQL connected successfully
2026-02-26 20:46:05 [ERROR]: Authentication failed: Token expired
AuthError: Token expired
    at verifyToken (file:///C:/Users/Varun%20Bhandari/Downloads/Go_Backend/src/modules/auth/services/tokenService.js:43:19)
    at authenticate (file:///C:/Users/Varun%20Bhandari/Downloads/Go_Backend/src/core/middleware/auth.middleware.js:15:25)
    at Layer.handleRequest (C:\Users\Varun Bhandari\Downloads\Go_Backend\node_modules\router\lib\layer.js:152:17)
    at trimPrefix (C:\Users\Varun Bhandari\Downloads\Go_Backend\node_modules\router\index.js:342:13)
    at C:\Users\Varun Bhandari\Downloads\Go_Backend\node_modules\router\index.js:297:9
    at processParams (C:\Users\Varun Bhandari\Downloads\Go_Backend\node_modules\router\index.js:582:12)
    at next (C:\Users\Varun Bhandari\Downloads\Go_Backend\node_modules\router\index.js:291:5)
    at Function.handle (C:\Users\Varun Bhandari\Downloads\Go_Backend\node_modules\router\index.js:186:3)
    at router (C:\Users\Varun Bhandari\Downloads\Go_Backend\node_modules\router\index.js:60:12)
    at Layer.handleRequest (C:\Users\Varun Bhandari\Downloads\Go_Backend\node_modules\router\lib\layer.js:152:17)
2026-02-26 20:46:06 [ERROR]: Authentication failed: Token expired
AuthError: Token expired
    at verifyToken (file:///C:/Users/Varun%20Bhandari/Downloads/Go_Backend/src/modules/auth/services/tokenService.js:43:19)
    at authenticate (file:///C:/Users/Varun%20Bhandari/Downloads/Go_Backend/src/core/middleware/auth.middleware.js:15:25)
    at Layer.handleRequest (C:\Users\Varun Bhandari\Downloads\Go_Backend\node_modules\router\lib\layer.js:152:17)
    at trimPrefix (C:\Users\Varun Bhandari\Downloads\Go_Backend\node_modules\router\index.js:342:13)
    at C:\Users\Varun Bhandari\Downloads\Go_Backend\node_modules\router\index.js:297:9
    at processParams (C:\Users\Varun Bhandari\Downloads\Go_Backend\node_modules\router\index.js:582:12)
    at next (C:\Users\Varun Bhandari\Downloads\Go_Backend\node_modules\router\index.js:291:5)
    at Function.handle (C:\Users\Varun Bhandari\Downloads\Go_Backend\node_modules\router\index.js:186:3)
    at router (C:\Users\Varun Bhandari\Downloads\Go_Backend\node_modules\router\index.js:60:12)
    at Layer.handleRequest (C:\Users\Varun Bhandari\Downloads\Go_Backend\node_modules\router\lib\layer.js:152:17)
2026-02-26 20:49:04 [INFO]: [SMS to 9876543213]: Your OTP for Ride Sharing app is: 460849. Valid for 5 minutes. Do not share this OTP with anyone.
2026-02-26 20:49:04 [INFO]: OTP sent successfully to 9876543213 for purpose: signin
2026-02-26 20:49:44 [INFO]: OTP verified successfully for 9876543213
2026-02-26 20:49:44 [INFO]: User signed in successfully:
2026-02-26 20:53:32 [INFO]: Ride requested: RIDE-MM3M55J16DME for user 4
2026-02-26 20:54:39 [ERROR]: Request ride service error: You already have an active ride
ConflictError: You already have an active ride
    at Module.requestRide (file:///C:/Users/Varun%20Bhandari/Downloads/Go_Backend/src/modules/rides/services/rideService.js:14:19)
    at process.processTicksAndRejections (node:internal/process/task_queues:95:5)
    at async requestRide (file:///C:/Users/Varun%20Bhandari/Downloads/Go_Backend/src/modules/rides/controllers/rideController.js:9:24)
2026-02-26 21:00:21 [INFO]: ✅ PostgreSQL connected successfully
2026-02-27 23:43:51 [INFO]: ✅ PostgreSQL connected successfully
2026-02-28 00:17:07 [INFO]: ✅ PostgreSQL connected successfully
2026-03-02 23:57:12 [INFO]: ✅ PostgreSQL connected successfully
2026-03-03 00:04:05 [INFO]: ✅ PostgreSQL connected successfully
2026-03-09 23:54:20 [INFO]: ✅ PostgreSQL connected successfully
2026-03-11 23:45:13 [INFO]: ✅ PostgreSQL connected successfully
2026-03-11 23:47:05 [INFO]: ✅ PostgreSQL connected successfully
2026-03-12 00:22:48 [INFO]: ✅ PostgreSQL connected successfully
2026-03-12 00:23:18 [INFO]: ✅ PostgreSQL connected successfully
2026-03-12 00:23:37 [INFO]: ✅ PostgreSQL connected successfully
2026-03-12 00:23:58 [INFO]: ✅ PostgreSQL connected successfully
2026-03-12 00:30:31 [INFO]: ✅ PostgreSQL connected successfully
2026-03-12 00:30:32 [ERROR]: Database query error:
2026-03-12 00:30:32 [ERROR]: Database query error:
2026-03-12 00:30:32 [ERROR]: Database query error:
2026-03-12 00:30:32 [ERROR]: Database query error:
2026-03-12 00:30:32 [ERROR]: Database query error:
2026-03-12 00:30:32 [ERROR]: Database query error:
2026-03-12 00:30:32 [ERROR]: Database query error:
2026-03-12 00:30:32 [INFO]: PostgreSQL disconnected
2026-03-12 00:32:38 [INFO]: ✅ PostgreSQL connected successfully
2026-03-12 00:32:38 [ERROR]: Database query error:
2026-03-12 00:32:38 [ERROR]: Database query error:
2026-03-12 00:32:39 [ERROR]: Database query error:
2026-03-12 00:32:39 [ERROR]: Database query error:
2026-03-12 00:32:39 [ERROR]: Database query error:
2026-03-12 00:32:39 [ERROR]: Database query error:
2026-03-12 00:32:39 [ERROR]: Database query error:
2026-03-12 00:32:39 [INFO]: PostgreSQL disconnected
2026-03-12 00:34:18 [INFO]: ✅ PostgreSQL connected successfully
2026-03-12 00:34:18 [ERROR]: Database query error:
2026-03-12 00:34:18 [ERROR]: Database query error:
2026-03-12 00:34:18 [ERROR]: Database query error:
2026-03-12 00:34:18 [ERROR]: Database query error:
2026-03-12 00:34:19 [ERROR]: Database query error:
2026-03-12 00:34:19 [ERROR]: Database query error:
2026-03-12 00:34:19 [ERROR]: Database query error:
2026-03-12 00:34:19 [INFO]: PostgreSQL disconnected
2026-03-12 00:37:45 [INFO]: ✅ PostgreSQL connected successfully
2026-03-12 01:02:38 [INFO]: ✅ PostgreSQL connected successfully
2026-03-12 01:11:47 [INFO]: ✅ PostgreSQL connected successfully
2026-03-12 01:12:14 [INFO]: ✅ PostgreSQL connected successfully
2026-03-12 01:13:01 [INFO]: ✅ PostgreSQL connected successfully
2026-03-12 01:13:46 [INFO]: ✅ PostgreSQL connected successfully
2026-03-12 01:14:08 [INFO]: ✅ PostgreSQL connected successfully
2026-03-12 01:14:34 [INFO]: ✅ PostgreSQL connected successfully
2026-03-12 01:14:43 [INFO]: ✅ PostgreSQL connected successfully
2026-03-12 01:15:13 [INFO]: ✅ PostgreSQL connected successfully
2026-03-12 01:15:42 [INFO]: ✅ PostgreSQL connected successfully
2026-03-12 01:16:09 [INFO]: ✅ PostgreSQL connected successfully
2026-03-12 01:16:37 [INFO]: ✅ PostgreSQL connected successfully
2026-03-14 23:04:42 [INFO]: ✅ PostgreSQL connected successfully
2026-03-15 03:26:56 [INFO]: ✅ PostgreSQL connected successfully
2026-03-15 03:45:28 [INFO]: ✅ PostgreSQL connected successfully
2026-03-15 03:45:56 [INFO]: ✅ PostgreSQL connected successfully
2026-03-15 03:46:26 [INFO]: ✅ PostgreSQL connected successfully
2026-03-15 03:46:57 [INFO]: ✅ PostgreSQL connected successfully
2026-03-15 03:47:01 [INFO]: ✅ PostgreSQL connected successfully
2026-03-15 03:47:35 [INFO]: ✅ PostgreSQL connected successfully
2026-03-15 03:47:57 [INFO]: ✅ PostgreSQL connected successfully
2026-03-15 03:52:41 [INFO]: ✅ PostgreSQL connected successfully
2026-03-15 03:53:45 [INFO]: ✅ PostgreSQL connected successfully
2026-03-15 04:12:35 [INFO]: ✅ PostgreSQL connected successfully
2026-03-15 15:28:54 [INFO]: ✅ PostgreSQL connected successfully
2026-03-15 15:42:32 [INFO]: ✅ PostgreSQL connected successfully
2026-03-15 15:42:40 [INFO]: ✅ PostgreSQL connected successfully
2026-03-15 15:43:14 [INFO]: ✅ PostgreSQL connected successfully
2026-03-15 15:43:20 [INFO]: ✅ PostgreSQL connected successfully
2026-03-15 15:43:57 [INFO]: ✅ PostgreSQL connected successfully
2026-03-15 15:44:03 [INFO]: ✅ PostgreSQL connected successfully
2026-03-15 15:44:36 [INFO]: ✅ PostgreSQL connected successfully
2026-03-15 15:44:44 [INFO]: ✅ PostgreSQL connected successfully
2026-03-15 15:45:10 [INFO]: ✅ PostgreSQL connected successfully
2026-03-15 15:45:46 [INFO]: ✅ PostgreSQL connected successfully
2026-03-15 15:48:40 [INFO]: ✅ PostgreSQL connected successfully
2026-03-15 15:52:38 [INFO]: ✅ PostgreSQL connected successfully
2026-03-15 15:53:56 [INFO]: ✅ PostgreSQL connected successfully
2026-03-15 15:57:58 [INFO]: ✅ PostgreSQL connected successfully
2026-03-15 15:58:24 [INFO]: ✅ PostgreSQL connected successfully
2026-03-15 15:58:48 [INFO]: ✅ PostgreSQL connected successfully
2026-03-15 15:59:06 [INFO]: ✅ PostgreSQL connected successfully
2026-03-15 15:59:21 [INFO]: ✅ PostgreSQL connected successfully
2026-03-15 16:07:16 [INFO]: ✅ PostgreSQL connected successfully
2026-03-15 16:25:33 [INFO]: ✅ PostgreSQL connected successfully
2026-03-15 16:32:29 [INFO]: ✅ PostgreSQL connected successfully
2026-03-15 16:32:29 [ERROR]: Database query error:
2026-03-15 16:32:29 [ERROR]: Database query error:
2026-03-15 16:32:29 [ERROR]: Database query error:
2026-03-15 16:32:29 [ERROR]: Database query error:
2026-03-15 16:32:29 [ERROR]: Database query error:
2026-03-15 16:32:29 [ERROR]: Database query error:
2026-03-15 16:32:29 [ERROR]: Database query error:
2026-03-15 16:32:30 [INFO]: PostgreSQL disconnected
2026-03-15 16:35:32 [INFO]: ✅ PostgreSQL connected successfully
2026-03-15 19:35:02 [INFO]: ✅ PostgreSQL connected successfully
2026-03-15 20:47:52 [INFO]: ✅ PostgreSQL connected successfully
2026-03-15 20:52:27 [INFO]: ✅ PostgreSQL connected successfully
2026-03-15 21:03:13 [INFO]: ✅ PostgreSQL connected successfully
2026-03-15 21:06:00 [INFO]: ✅ PostgreSQL connected successfully
2026-03-15 21:06:13 [INFO]: ✅ PostgreSQL connected successfully
2026-03-16 01:10:40 [INFO]: ✅ PostgreSQL connected successfully
2026-03-17 00:58:09 [INFO]: ✅ PostgreSQL connected successfully
2026-03-17 02:09:57 [INFO]: ✅ PostgreSQL connected successfully
2026-03-17 02:10:44 [INFO]: ✅ PostgreSQL connected successfully
2026-03-17 02:10:47 [INFO]: ✅ PostgreSQL connected successfully
2026-03-17 02:17:35 [INFO]: ✅ PostgreSQL connected successfully
2026-03-17 02:20:59 [INFO]: PostgreSQL disconnected
2026-03-17 02:21:09 [INFO]: ✅ PostgreSQL connected successfully
2026-03-17 02:21:09 [ERROR]: Database query error:
2026-03-17 02:21:09 [ERROR]: Database query error:
2026-03-17 02:21:09 [ERROR]: Database query error:
2026-03-17 02:21:09 [ERROR]: Database query error:
2026-03-17 02:21:09 [ERROR]: Database query error:
2026-03-17 02:21:09 [ERROR]: Database query error:
2026-03-17 02:21:09 [ERROR]: Database query error:
2026-03-17 02:21:09 [ERROR]: Database query error:
2026-03-17 02:21:10 [INFO]: PostgreSQL disconnected
2026-03-17 13:52:03 [INFO]: ✅ PostgreSQL connected successfully
2026-03-17 14:01:23 [INFO]: ✅ PostgreSQL connected successfully
2026-03-18 00:14:47 [INFO]: ✅ PostgreSQL connected successfully
2026-03-18 00:16:29 [INFO]: ✅ PostgreSQL connected successfully
2026-03-18 00:16:42 [INFO]: ✅ PostgreSQL connected successfully
2026-03-18 00:16:57 [INFO]: ✅ PostgreSQL connected successfully
2026-03-18 00:17:12 [INFO]: ✅ PostgreSQL connected successfully
2026-03-18 00:17:24 [INFO]: ✅ PostgreSQL connected successfully
2026-03-18 00:17:53 [INFO]: ✅ PostgreSQL connected successfully
2026-03-18 00:18:14 [INFO]: ✅ PostgreSQL connected successfully
2026-03-18 00:18:35 [INFO]: ✅ PostgreSQL connected successfully
2026-03-18 00:19:24 [INFO]: ✅ PostgreSQL connected successfully
2026-03-18 00:20:02 [INFO]: ✅ PostgreSQL connected successfully
2026-03-18 01:07:38 [INFO]: ✅ PostgreSQL connected successfully
2026-03-18 01:08:15 [INFO]: ✅ PostgreSQL connected successfully
2026-03-18 01:08:23 [INFO]: ✅ PostgreSQL connected successfully
2026-03-18 01:08:36 [INFO]: ✅ PostgreSQL connected successfully
2026-03-18 01:08:42 [INFO]: ✅ PostgreSQL connected successfully
2026-03-18 01:09:08 [INFO]: ✅ PostgreSQL connected successfully
